d:\workspace\github\libutils\manageddll\x64\debug\manageddll.pch
d:\workspace\github\libutils\manageddll\x64\debug\vc141.pdb
d:\workspace\github\libutils\manageddll\x64\debug\stdafx.obj
d:\workspace\github\libutils\manageddll\x64\debug\manageddll.obj
d:\workspace\github\libutils\manageddll\x64\debug\.netframework,version=4.0.assemblyattributes.obj
d:\workspace\github\libutils\manageddll\x64\debug\.netframework,version=4.0.assemblyattributes.asm
d:\workspace\github\libutils\x64\debug\manageddll.dll
d:\workspace\github\libutils\x64\debug\manageddll.pdb
d:\workspace\github\libutils\x64\debug\libutilscore.dll
d:\workspace\github\libutils\x64\debug\nlog.dll
d:\workspace\github\libutils\x64\debug\libutilscore.pdb
d:\workspace\github\libutils\x64\debug\libutilscore.dll.config
d:\workspace\github\libutils\x64\debug\nlog.xml
d:\workspace\github\libutils\x64\debug\manageddll.lib
d:\workspace\github\libutils\x64\debug\manageddll.exp
d:\workspace\github\libutils\manageddll\x64\debug\manageddll.tlog\metagen.write.1.tlog
d:\workspace\github\libutils\manageddll\x64\debug\manageddll.vcxprojresolveassemblyreference.cache
d:\workspace\github\libutils\manageddll\x64\debug\manageddll.tlog\cl.command.1.tlog
d:\workspace\github\libutils\manageddll\x64\debug\manageddll.tlog\cl.read.1.tlog
d:\workspace\github\libutils\manageddll\x64\debug\manageddll.tlog\cl.write.1.tlog
d:\workspace\github\libutils\manageddll\x64\debug\manageddll.tlog\link.command.1.tlog
d:\workspace\github\libutils\manageddll\x64\debug\manageddll.tlog\link.read.1.tlog
d:\workspace\github\libutils\manageddll\x64\debug\manageddll.tlog\link.write.1.tlog
d:\workspace\github\libutils\manageddll\x64\debug\manageddll.tlog\manageddll.write.1u.tlog
d:\workspace\github\libutils\manageddll\x64\debug\manageddll.tlog\metagen.read.1.tlog
d:\workspace\github\libutils\manageddll\x64\debug\manageddll.tlog\libutilscore.dll.metagen
d:\workspace\github\libutils\manageddll\x64\debug\manageddll.tlog\rsaenh.dll.bi
d:\workspace\github\libutils\manageddll\x64\debug\manageddll.tlog\tzres.dll.bi
